CRITICAL - 2020-05-05 09:22:41 --> syntax error, unexpected 'App' (T_STRING)
#0 /home/parapano/domains/szymonyo.tk/vendor/codeigniter4/framework/system/Router/Router.php(192): CodeIgniter\Router\Router->autoRoute('galeria/album/8')
#1 /home/parapano/domains/szymonyo.tk/vendor/codeigniter4/framework/system/CodeIgniter.php(785): CodeIgniter\Router\Router->handle('galeria/album/8')
#2 /home/parapano/domains/szymonyo.tk/vendor/codeigniter4/framework/system/CodeIgniter.php(358): CodeIgniter\CodeIgniter->tryToRouteIt(Object(CodeIgniter\Router\RouteCollection))
#3 /home/parapano/domains/szymonyo.tk/vendor/codeigniter4/framework/system/CodeIgniter.php(306): CodeIgniter\CodeIgniter->handleRequest(NULL, Object(Config\Cache), false)
#4 /home/parapano/domains/szymonyo.tk/public_html/loken/index.php(45): CodeIgniter\CodeIgniter->run()
#5 {main}
CRITICAL - 2020-05-05 09:36:59 --> Call to undefined function validation_errors()
#0 /home/parapano/domains/szymonyo.tk/vendor/codeigniter4/framework/system/View/View.php(236): include()
#1 /home/parapano/domains/szymonyo.tk/vendor/codeigniter4/framework/system/Common.php(1071): CodeIgniter\View\View->render('/panel/pages/pa...', Array, true)
#2 /home/parapano/domains/szymonyo.tk/app/Controllers/Panel/Pages.php(106): view('/panel/pages/pa...', Array)
#3 /home/parapano/domains/szymonyo.tk/vendor/codeigniter4/framework/system/CodeIgniter.php(910): App\Controllers\Panel\Pages->addu()
#4 /home/parapano/domains/szymonyo.tk/vendor/codeigniter4/framework/system/CodeIgniter.php(398): CodeIgniter\CodeIgniter->runController(Object(App\Controllers\Panel\Pages))
#5 /home/parapano/domains/szymonyo.tk/vendor/codeigniter4/framework/system/CodeIgniter.php(306): CodeIgniter\CodeIgniter->handleRequest(NULL, Object(Config\Cache), false)
#6 /home/parapano/domains/szymonyo.tk/public_html/loken/index.php(45): CodeIgniter\CodeIgniter->run()
#7 {main}
CRITICAL - 2020-05-05 09:37:19 --> Call to undefined function validation_errors()
#0 /home/parapano/domains/szymonyo.tk/vendor/codeigniter4/framework/system/View/View.php(236): include()
#1 /home/parapano/domains/szymonyo.tk/vendor/codeigniter4/framework/system/Common.php(1071): CodeIgniter\View\View->render('/panel/pages/pa...', Array, true)
#2 /home/parapano/domains/szymonyo.tk/app/Controllers/Panel/Pages.php(106): view('/panel/pages/pa...', Array)
#3 /home/parapano/domains/szymonyo.tk/vendor/codeigniter4/framework/system/CodeIgniter.php(910): App\Controllers\Panel\Pages->addu()
#4 /home/parapano/domains/szymonyo.tk/vendor/codeigniter4/framework/system/CodeIgniter.php(398): CodeIgniter\CodeIgniter->runController(Object(App\Controllers\Panel\Pages))
#5 /home/parapano/domains/szymonyo.tk/vendor/codeigniter4/framework/system/CodeIgniter.php(306): CodeIgniter\CodeIgniter->handleRequest(NULL, Object(Config\Cache), false)
#6 /home/parapano/domains/szymonyo.tk/public_html/loken/index.php(45): CodeIgniter\CodeIgniter->run()
#7 {main}
CRITICAL - 2020-05-05 09:37:26 --> Call to undefined function validation_errors()
#0 /home/parapano/domains/szymonyo.tk/vendor/codeigniter4/framework/system/View/View.php(236): include()
#1 /home/parapano/domains/szymonyo.tk/vendor/codeigniter4/framework/system/Common.php(1071): CodeIgniter\View\View->render('/panel/pages/pa...', Array, true)
#2 /home/parapano/domains/szymonyo.tk/app/Controllers/Panel/Pages.php(106): view('/panel/pages/pa...', Array)
#3 /home/parapano/domains/szymonyo.tk/vendor/codeigniter4/framework/system/CodeIgniter.php(910): App\Controllers\Panel\Pages->addu()
#4 /home/parapano/domains/szymonyo.tk/vendor/codeigniter4/framework/system/CodeIgniter.php(398): CodeIgniter\CodeIgniter->runController(Object(App\Controllers\Panel\Pages))
#5 /home/parapano/domains/szymonyo.tk/vendor/codeigniter4/framework/system/CodeIgniter.php(306): CodeIgniter\CodeIgniter->handleRequest(NULL, Object(Config\Cache), false)
#6 /home/parapano/domains/szymonyo.tk/public_html/loken/index.php(45): CodeIgniter\CodeIgniter->run()
#7 {main}
CRITICAL - 2020-05-05 10:31:29 --> syntax error, unexpected 'App' (T_STRING)
#0 /home/parapano/domains/szymonyo.tk/vendor/codeigniter4/framework/system/Router/Router.php(192): CodeIgniter\Router\Router->autoRoute('galeria')
#1 /home/parapano/domains/szymonyo.tk/vendor/codeigniter4/framework/system/CodeIgniter.php(785): CodeIgniter\Router\Router->handle('galeria')
#2 /home/parapano/domains/szymonyo.tk/vendor/codeigniter4/framework/system/CodeIgniter.php(358): CodeIgniter\CodeIgniter->tryToRouteIt(Object(CodeIgniter\Router\RouteCollection))
#3 /home/parapano/domains/szymonyo.tk/vendor/codeigniter4/framework/system/CodeIgniter.php(306): CodeIgniter\CodeIgniter->handleRequest(NULL, Object(Config\Cache), false)
#4 /home/parapano/domains/szymonyo.tk/public_html/loken/index.php(45): CodeIgniter\CodeIgniter->run()
#5 {main}
CRITICAL - 2020-05-05 12:10:00 --> syntax error, unexpected 'App' (T_STRING)
#0 /home/parapano/domains/szymonyo.tk/vendor/codeigniter4/framework/system/Router/Router.php(192): CodeIgniter\Router\Router->autoRoute('galeria')
#1 /home/parapano/domains/szymonyo.tk/vendor/codeigniter4/framework/system/CodeIgniter.php(785): CodeIgniter\Router\Router->handle('galeria')
#2 /home/parapano/domains/szymonyo.tk/vendor/codeigniter4/framework/system/CodeIgniter.php(358): CodeIgniter\CodeIgniter->tryToRouteIt(Object(CodeIgniter\Router\RouteCollection))
#3 /home/parapano/domains/szymonyo.tk/vendor/codeigniter4/framework/system/CodeIgniter.php(306): CodeIgniter\CodeIgniter->handleRequest(NULL, Object(Config\Cache), false)
#4 /home/parapano/domains/szymonyo.tk/public_html/loken/index.php(45): CodeIgniter\CodeIgniter->run()
#5 {main}
CRITICAL - 2020-05-05 14:13:46 --> syntax error, unexpected 'App' (T_STRING)
#0 /home/parapano/domains/szymonyo.tk/vendor/codeigniter4/framework/system/Router/Router.php(192): CodeIgniter\Router\Router->autoRoute('galeria')
#1 /home/parapano/domains/szymonyo.tk/vendor/codeigniter4/framework/system/CodeIgniter.php(785): CodeIgniter\Router\Router->handle('galeria')
#2 /home/parapano/domains/szymonyo.tk/vendor/codeigniter4/framework/system/CodeIgniter.php(358): CodeIgniter\CodeIgniter->tryToRouteIt(Object(CodeIgniter\Router\RouteCollection))
#3 /home/parapano/domains/szymonyo.tk/vendor/codeigniter4/framework/system/CodeIgniter.php(306): CodeIgniter\CodeIgniter->handleRequest(NULL, Object(Config\Cache), false)
#4 /home/parapano/domains/szymonyo.tk/public_html/loken/index.php(45): CodeIgniter\CodeIgniter->run()
#5 {main}
